{"/Users/dohyunjung/Workspace/roboco-io/vibecoding-demo/shared/src/index.ts": {"path":"/Users/dohyunjung/Workspace/roboco-io/vibecoding-demo/shared/src/index.ts","statementMap":{"0":{"start":{"line":1,"column":0},"end":{"line":1,"column":24}},"1":{"start":{"line":2,"column":0},"end":{"line":2,"column":28}},"2":{"start":{"line":3,"column":0},"end":{"line":3,"column":24}}},"fnMap":{},"branchMap":{},"s":{"0":0,"1":0,"2":0},"f":{},"b":{}}
,"/Users/dohyunjung/Workspace/roboco-io/vibecoding-demo/shared/src/constants/index.ts": {"path":"/Users/dohyunjung/Workspace/roboco-io/vibecoding-demo/shared/src/constants/index.ts","statementMap":{"0":{"start":{"line":1,"column":0},"end":{"line":1,"column":23}}},"fnMap":{},"branchMap":{},"s":{"0":0},"f":{},"b":{}}
,"/Users/dohyunjung/Workspace/roboco-io/vibecoding-demo/shared/src/constants/todo.ts": {"path":"/Users/dohyunjung/Workspace/roboco-io/vibecoding-demo/shared/src/constants/todo.ts","statementMap":{"0":{"start":{"line":8,"column":13},"end":{"line":8,"column":41}},"1":{"start":{"line":13,"column":13},"end":{"line":13,"column":36}},"2":{"start":{"line":18,"column":13},"end":{"line":18,"column":36}},"3":{"start":{"line":23,"column":13},"end":{"line":23,"column":57}},"4":{"start":{"line":28,"column":13},"end":{"line":31,"column":2}},"5":{"start":{"line":30,"column":30},"end":{"line":30,"column":48}}},"fnMap":{"0":{"name":"(anonymous_0)","decl":{"start":{"line":30,"column":14},"end":{"line":30,"column":15}},"loc":{"start":{"line":30,"column":30},"end":{"line":30,"column":48}}}},"branchMap":{},"s":{"0":1,"1":1,"2":1,"3":1,"4":1,"5":0},"f":{"0":0},"b":{}}
,"/Users/dohyunjung/Workspace/roboco-io/vibecoding-demo/shared/src/types/index.ts": {"path":"/Users/dohyunjung/Workspace/roboco-io/vibecoding-demo/shared/src/types/index.ts","statementMap":{"0":{"start":{"line":1,"column":0},"end":{"line":1,"column":23}}},"fnMap":{},"branchMap":{},"s":{"0":0},"f":{},"b":{}}
,"/Users/dohyunjung/Workspace/roboco-io/vibecoding-demo/shared/src/types/todo.ts": {"path":"/Users/dohyunjung/Workspace/roboco-io/vibecoding-demo/shared/src/types/todo.ts","statementMap":{"0":{"start":{"line":4,"column":0},"end":{"line":4,"column":null}},"1":{"start":{"line":5,"column":2},"end":{"line":5,"column":null}},"2":{"start":{"line":6,"column":2},"end":{"line":6,"column":null}},"3":{"start":{"line":7,"column":2},"end":{"line":7,"column":null}},"4":{"start":{"line":13,"column":0},"end":{"line":13,"column":null}},"5":{"start":{"line":14,"column":2},"end":{"line":14,"column":null}},"6":{"start":{"line":15,"column":2},"end":{"line":15,"column":null}}},"fnMap":{"0":{"name":"(anonymous_0)","decl":{"start":{"line":4,"column":0},"end":{"line":4,"column":12}},"loc":{"start":{"line":4,"column":24},"end":{"line":8,"column":1}}},"1":{"name":"(anonymous_1)","decl":{"start":{"line":13,"column":0},"end":{"line":13,"column":12}},"loc":{"start":{"line":13,"column":22},"end":{"line":16,"column":1}}}},"branchMap":{"0":{"loc":{"start":{"line":4,"column":12},"end":{"line":4,"column":null}},"type":"binary-expr","locations":[{"start":{"line":4,"column":12},"end":{"line":4,"column":24}},{"start":{"line":4,"column":24},"end":{"line":4,"column":null}}]},"1":{"loc":{"start":{"line":13,"column":12},"end":{"line":13,"column":null}},"type":"binary-expr","locations":[{"start":{"line":13,"column":12},"end":{"line":13,"column":22}},{"start":{"line":13,"column":22},"end":{"line":13,"column":null}}]}},"s":{"0":1,"1":1,"2":1,"3":1,"4":1,"5":1,"6":1},"f":{"0":1,"1":1},"b":{"0":[1,1],"1":[1,1]}}
,"/Users/dohyunjung/Workspace/roboco-io/vibecoding-demo/shared/src/utils/index.ts": {"path":"/Users/dohyunjung/Workspace/roboco-io/vibecoding-demo/shared/src/utils/index.ts","statementMap":{"0":{"start":{"line":1,"column":0},"end":{"line":1,"column":28}}},"fnMap":{},"branchMap":{},"s":{"0":0},"f":{},"b":{}}
,"/Users/dohyunjung/Workspace/roboco-io/vibecoding-demo/shared/src/utils/todoUtils.ts": {"path":"/Users/dohyunjung/Workspace/roboco-io/vibecoding-demo/shared/src/utils/todoUtils.ts","statementMap":{"0":{"start":{"line":1,"column":0},"end":{"line":1,"column":80}},"1":{"start":{"line":2,"column":0},"end":{"line":2,"column":71}},"2":{"start":{"line":8,"column":30},"end":{"line":10,"column":1}},"3":{"start":{"line":9,"column":2},"end":{"line":9,"column":78}},"4":{"start":{"line":8,"column":13},"end":{"line":8,"column":30}},"5":{"start":{"line":17,"column":32},"end":{"line":19,"column":1}},"6":{"start":{"line":18,"column":2},"end":{"line":18,"column":69}},"7":{"start":{"line":17,"column":13},"end":{"line":17,"column":32}},"8":{"start":{"line":26,"column":31},"end":{"line":28,"column":1}},"9":{"start":{"line":27,"column":2},"end":{"line":27,"column":72}},"10":{"start":{"line":26,"column":13},"end":{"line":26,"column":31}},"11":{"start":{"line":35,"column":35},"end":{"line":46,"column":1}},"12":{"start":{"line":36,"column":14},"end":{"line":36,"column":24}},"13":{"start":{"line":38,"column":2},"end":{"line":45,"column":4}},"14":{"start":{"line":35,"column":13},"end":{"line":35,"column":35}},"15":{"start":{"line":53,"column":35},"end":{"line":63,"column":1}},"16":{"start":{"line":54,"column":24},"end":{"line":58,"column":4}},"17":{"start":{"line":60,"column":2},"end":{"line":62,"column":4}},"18":{"start":{"line":61,"column":4},"end":{"line":61,"column":57}},"19":{"start":{"line":53,"column":13},"end":{"line":53,"column":35}},"20":{"start":{"line":71,"column":35},"end":{"line":73,"column":1}},"21":{"start":{"line":72,"column":2},"end":{"line":72,"column":54}},"22":{"start":{"line":72,"column":30},"end":{"line":72,"column":52}},"23":{"start":{"line":71,"column":13},"end":{"line":71,"column":35}}},"fnMap":{"0":{"name":"(anonymous_0)","decl":{"start":{"line":8,"column":30},"end":{"line":8,"column":41}},"loc":{"start":{"line":8,"column":43},"end":{"line":10,"column":1}}},"1":{"name":"(anonymous_1)","decl":{"start":{"line":17,"column":32},"end":{"line":17,"column":33}},"loc":{"start":{"line":17,"column":59},"end":{"line":19,"column":1}}},"2":{"name":"(anonymous_2)","decl":{"start":{"line":26,"column":31},"end":{"line":26,"column":32}},"loc":{"start":{"line":26,"column":61},"end":{"line":28,"column":1}}},"3":{"name":"(anonymous_3)","decl":{"start":{"line":35,"column":35},"end":{"line":35,"column":36}},"loc":{"start":{"line":35,"column":68},"end":{"line":46,"column":1}}},"4":{"name":"(anonymous_4)","decl":{"start":{"line":53,"column":35},"end":{"line":53,"column":36}},"loc":{"start":{"line":53,"column":61},"end":{"line":63,"column":1}}},"5":{"name":"(anonymous_5)","decl":{"start":{"line":60,"column":25},"end":{"line":60,"column":26}},"loc":{"start":{"line":61,"column":4},"end":{"line":61,"column":57}}},"6":{"name":"(anonymous_6)","decl":{"start":{"line":71,"column":35},"end":{"line":71,"column":36}},"loc":{"start":{"line":71,"column":81},"end":{"line":73,"column":1}}},"7":{"name":"(anonymous_7)","decl":{"start":{"line":72,"column":22},"end":{"line":72,"column":26}},"loc":{"start":{"line":72,"column":30},"end":{"line":72,"column":52}}}},"branchMap":{"0":{"loc":{"start":{"line":18,"column":9},"end":{"line":18,"column":68}},"type":"binary-expr","locations":[{"start":{"line":18,"column":9},"end":{"line":18,"column":32}},{"start":{"line":18,"column":36},"end":{"line":18,"column":68}}]},"1":{"loc":{"start":{"line":41,"column":14},"end":{"line":41,"column":51}},"type":"binary-expr","locations":[{"start":{"line":41,"column":14},"end":{"line":41,"column":28}},{"start":{"line":41,"column":32},"end":{"line":41,"column":51}}]}},"s":{"0":1,"1":1,"2":1,"3":4,"4":1,"5":1,"6":4,"7":1,"8":1,"9":4,"10":1,"11":1,"12":2,"13":2,"14":1,"15":1,"16":1,"17":1,"18":4,"19":1,"20":1,"21":2,"22":6,"23":1},"f":{"0":4,"1":4,"2":4,"3":2,"4":1,"5":4,"6":2,"7":6},"b":{"0":[4,2],"1":[2,0]}}
}
